<?xml version="1.0" encoding="UTF-8"?>
<coverage generated="1599054362450" clover="3.2.0">
  <project timestamp="1599054362450" name="All files">
    <metrics statements="34" coveredstatements="28" conditionals="22" coveredconditionals="14" methods="1" coveredmethods="1" elements="57" coveredelements="43" complexity="0" loc="34" ncloc="34" packages="1" files="1" classes="1"/>
    <file name="scraper.js" path="C:\Users\lenovo\Documents\My\scraper\src\scraper.js">
      <metrics statements="34" coveredstatements="28" conditionals="22" coveredconditionals="14" methods="1" coveredmethods="1"/>
      <line num="1" count="1" type="stmt"/>
      <line num="2" count="1" type="stmt"/>
      <line num="4" count="1" type="stmt"/>
      <line num="5" count="1" type="stmt"/>
      <line num="6" count="1" type="stmt"/>
      <line num="7" count="1" type="stmt"/>
      <line num="9" count="1" type="stmt"/>
      <line num="10" count="1" type="stmt"/>
      <line num="11" count="1" type="stmt"/>
      <line num="12" count="1" type="stmt"/>
      <line num="13" count="1" type="stmt"/>
      <line num="14" count="1" type="stmt"/>
      <line num="15" count="1" type="stmt"/>
      <line num="16" count="1" type="stmt"/>
      <line num="17" count="1" type="stmt"/>
      <line num="19" count="1" type="cond" truecount="1" falsecount="1"/>
      <line num="20" count="1" type="stmt"/>
      <line num="23" count="1" type="cond" truecount="1" falsecount="1"/>
      <line num="24" count="1" type="stmt"/>
      <line num="27" count="1" type="cond" truecount="1" falsecount="1"/>
      <line num="28" count="0" type="stmt"/>
      <line num="31" count="1" type="cond" truecount="3" falsecount="1"/>
      <line num="32" count="1" type="stmt"/>
      <line num="35" count="1" type="cond" truecount="3" falsecount="1"/>
      <line num="36" count="1" type="stmt"/>
      <line num="39" count="1" type="cond" truecount="2" falsecount="2"/>
      <line num="40" count="0" type="stmt"/>
      <line num="43" count="1" type="cond" truecount="3" falsecount="1"/>
      <line num="44" count="0" type="stmt"/>
      <line num="46" count="0" type="stmt"/>
      <line num="47" count="0" type="stmt"/>
      <line num="51" count="1" type="stmt"/>
      <line num="53" count="0" type="stmt"/>
      <line num="60" count="1" type="stmt"/>
    </file>
  </project>
</coverage>
