{"C:\\Users\\lenovo\\Documents\\My\\scraper\\src\\scraper.js": {"path":"C:\\Users\\lenovo\\Documents\\My\\scraper\\src\\scraper.js","statementMap":{"0":{"start":{"line":1,"column":14},"end":{"line":1,"column":35}},"1":{"start":{"line":2,"column":16},"end":{"line":2,"column":34}},"2":{"start":{"line":4,"column":23},"end":{"line":58,"column":1}},"3":{"start":{"line":5,"column":2},"end":{"line":57,"column":3}},"4":{"start":{"line":6,"column":16},"end":{"line":6,"column":51}},"5":{"start":{"line":7,"column":16},"end":{"line":7,"column":32}},"6":{"start":{"line":9,"column":21},"end":{"line":9,"column":23}},"7":{"start":{"line":10,"column":14},"end":{"line":10,"column":31}},"8":{"start":{"line":11,"column":18},"end":{"line":11,"column":40}},"9":{"start":{"line":12,"column":24},"end":{"line":12,"column":69}},"10":{"start":{"line":13,"column":21},"end":{"line":13,"column":63}},"11":{"start":{"line":14,"column":20},"end":{"line":14,"column":66}},"12":{"start":{"line":15,"column":20},"end":{"line":15,"column":66}},"13":{"start":{"line":16,"column":23},"end":{"line":16,"column":72}},"14":{"start":{"line":17,"column":19},"end":{"line":17,"column":27}},"15":{"start":{"line":19,"column":4},"end":{"line":21,"column":5}},"16":{"start":{"line":20,"column":6},"end":{"line":20,"column":29}},"17":{"start":{"line":23,"column":4},"end":{"line":25,"column":5}},"18":{"start":{"line":24,"column":6},"end":{"line":24,"column":41}},"19":{"start":{"line":27,"column":4},"end":{"line":29,"column":5}},"20":{"start":{"line":28,"column":6},"end":{"line":28,"column":35}},"21":{"start":{"line":31,"column":4},"end":{"line":33,"column":5}},"22":{"start":{"line":32,"column":6},"end":{"line":32,"column":33}},"23":{"start":{"line":35,"column":4},"end":{"line":37,"column":5}},"24":{"start":{"line":36,"column":6},"end":{"line":36,"column":33}},"25":{"start":{"line":39,"column":4},"end":{"line":41,"column":5}},"26":{"start":{"line":40,"column":6},"end":{"line":40,"column":39}},"27":{"start":{"line":43,"column":4},"end":{"line":49,"column":5}},"28":{"start":{"line":44,"column":6},"end":{"line":44,"column":27}},"29":{"start":{"line":46,"column":6},"end":{"line":48,"column":7}},"30":{"start":{"line":46,"column":19},"end":{"line":46,"column":20}},"31":{"start":{"line":47,"column":8},"end":{"line":47,"column":55}},"32":{"start":{"line":51,"column":4},"end":{"line":51,"column":20}},"33":{"start":{"line":53,"column":4},"end":{"line":56,"column":6}},"34":{"start":{"line":60,"column":0},"end":{"line":60,"column":36}}},"fnMap":{"0":{"name":"(anonymous_0)","decl":{"start":{"line":4,"column":23},"end":{"line":4,"column":24}},"loc":{"start":{"line":4,"column":38},"end":{"line":58,"column":1}},"line":4}},"branchMap":{"0":{"loc":{"start":{"line":19,"column":4},"end":{"line":21,"column":5}},"type":"if","locations":[{"start":{"line":19,"column":4},"end":{"line":21,"column":5}},{"start":{"line":19,"column":4},"end":{"line":21,"column":5}}],"line":19},"1":{"loc":{"start":{"line":23,"column":4},"end":{"line":25,"column":5}},"type":"if","locations":[{"start":{"line":23,"column":4},"end":{"line":25,"column":5}},{"start":{"line":23,"column":4},"end":{"line":25,"column":5}}],"line":23},"2":{"loc":{"start":{"line":27,"column":4},"end":{"line":29,"column":5}},"type":"if","locations":[{"start":{"line":27,"column":4},"end":{"line":29,"column":5}},{"start":{"line":27,"column":4},"end":{"line":29,"column":5}}],"line":27},"3":{"loc":{"start":{"line":31,"column":4},"end":{"line":33,"column":5}},"type":"if","locations":[{"start":{"line":31,"column":4},"end":{"line":33,"column":5}},{"start":{"line":31,"column":4},"end":{"line":33,"column":5}}],"line":31},"4":{"loc":{"start":{"line":31,"column":8},"end":{"line":31,"column":33}},"type":"binary-expr","locations":[{"start":{"line":31,"column":8},"end":{"line":31,"column":15}},{"start":{"line":31,"column":19},"end":{"line":31,"column":33}}],"line":31},"5":{"loc":{"start":{"line":35,"column":4},"end":{"line":37,"column":5}},"type":"if","locations":[{"start":{"line":35,"column":4},"end":{"line":37,"column":5}},{"start":{"line":35,"column":4},"end":{"line":37,"column":5}}],"line":35},"6":{"loc":{"start":{"line":35,"column":8},"end":{"line":35,"column":33}},"type":"binary-expr","locations":[{"start":{"line":35,"column":8},"end":{"line":35,"column":15}},{"start":{"line":35,"column":19},"end":{"line":35,"column":33}}],"line":35},"7":{"loc":{"start":{"line":39,"column":4},"end":{"line":41,"column":5}},"type":"if","locations":[{"start":{"line":39,"column":4},"end":{"line":41,"column":5}},{"start":{"line":39,"column":4},"end":{"line":41,"column":5}}],"line":39},"8":{"loc":{"start":{"line":39,"column":8},"end":{"line":39,"column":39}},"type":"binary-expr","locations":[{"start":{"line":39,"column":8},"end":{"line":39,"column":18}},{"start":{"line":39,"column":22},"end":{"line":39,"column":39}}],"line":39},"9":{"loc":{"start":{"line":43,"column":4},"end":{"line":49,"column":5}},"type":"if","locations":[{"start":{"line":43,"column":4},"end":{"line":49,"column":5}},{"start":{"line":43,"column":4},"end":{"line":49,"column":5}}],"line":43},"10":{"loc":{"start":{"line":43,"column":8},"end":{"line":43,"column":31}},"type":"binary-expr","locations":[{"start":{"line":43,"column":8},"end":{"line":43,"column":14}},{"start":{"line":43,"column":18},"end":{"line":43,"column":31}}],"line":43}},"s":{"0":1,"1":1,"2":1,"3":1,"4":1,"5":1,"6":1,"7":1,"8":1,"9":1,"10":1,"11":1,"12":1,"13":1,"14":1,"15":1,"16":1,"17":1,"18":1,"19":1,"20":0,"21":1,"22":1,"23":1,"24":1,"25":1,"26":0,"27":1,"28":0,"29":0,"30":0,"31":0,"32":1,"33":0,"34":1},"f":{"0":1},"b":{"0":[1,0],"1":[1,0],"2":[0,1],"3":[1,0],"4":[1,1],"5":[1,0],"6":[1,1],"7":[0,1],"8":[1,0],"9":[0,1],"10":[1,1]},"_coverageSchema":"1a1c01bbd47fc00a2c39e90264f33305004495a9","hash":"7ef05bda62286cbe1ac3b57937ed7572a5bd8d29"}
}
