TN:
SF:src\scraper.js
FN:4,(anonymous_0)
FNF:1
FNH:1
FNDA:1,(anonymous_0)
DA:1,1
DA:2,1
DA:4,1
DA:5,1
DA:6,1
DA:7,1
DA:9,1
DA:10,1
DA:11,1
DA:12,1
DA:13,1
DA:14,1
DA:15,1
DA:16,1
DA:17,1
DA:19,1
DA:20,1
DA:23,1
DA:24,1
DA:27,1
DA:28,0
DA:31,1
DA:32,1
DA:35,1
DA:36,1
DA:39,1
DA:40,0
DA:43,1
DA:44,0
DA:46,0
DA:47,0
DA:51,1
DA:53,0
DA:60,1
LF:34
LH:28
BRDA:19,0,0,1
BRDA:19,0,1,0
BRDA:23,1,0,1
BRDA:23,1,1,0
BRDA:27,2,0,0
BRDA:27,2,1,1
BRDA:31,3,0,1
BRDA:31,3,1,0
BRDA:31,4,0,1
BRDA:31,4,1,1
BRDA:35,5,0,1
BRDA:35,5,1,0
BRDA:35,6,0,1
BRDA:35,6,1,1
BRDA:39,7,0,0
BRDA:39,7,1,1
BRDA:39,8,0,1
BRDA:39,8,1,0
BRDA:43,9,0,0
BRDA:43,9,1,1
BRDA:43,10,0,1
BRDA:43,10,1,1
BRF:22
BRH:14
end_of_record
